2022-02-15 09:44:08.306  INFO 3468 --- [main] com.example.walletapi.UserServiceTest    : Starting UserServiceTest using Java 1.8.0_311 on ASUS-ROG with PID 3468 (started by kumar in D:\Java_Learn\WalletApi)
2022-02-15 09:44:08.306 DEBUG 3468 --- [main] com.example.walletapi.UserServiceTest    : Running with Spring Boot v2.6.2, Spring v5.3.14
2022-02-15 09:44:08.306  INFO 3468 --- [main] com.example.walletapi.UserServiceTest    : No active profile set, falling back to default profiles: default
2022-02-15 09:44:09.071  INFO 3468 --- [main] .s.d.r.c.RepositoryConfigurationDelegate : Bootstrapping Spring Data JPA repositories in DEFAULT mode.
2022-02-15 09:44:09.165  INFO 3468 --- [main] .s.d.r.c.RepositoryConfigurationDelegate : Finished Spring Data repository scanning in 73 ms. Found 3 JPA repository interfaces.
2022-02-15 09:44:10.727  INFO 3468 --- [main] o.hibernate.jpa.internal.util.LogHelper  : HHH000204: Processing PersistenceUnitInfo [name: default]
2022-02-15 09:44:10.836  INFO 3468 --- [main] org.hibernate.Version                    : HHH000412: Hibernate ORM core version 5.6.3.Final
2022-02-15 09:44:10.930  INFO 3468 --- [main] o.hibernate.annotations.common.Version   : HCANN000001: Hibernate Commons Annotations {5.1.2.Final}
2022-02-15 09:44:11.336  INFO 3468 --- [main] com.zaxxer.hikari.HikariDataSource       : HikariPool-1 - Starting...
2022-02-15 09:44:12.117  INFO 3468 --- [main] com.zaxxer.hikari.HikariDataSource       : HikariPool-1 - Start completed.
2022-02-15 09:44:12.180  INFO 3468 --- [main] org.hibernate.dialect.Dialect            : HHH000400: Using dialect: org.hibernate.dialect.MySQL8Dialect
2022-02-15 09:44:13.523  INFO 3468 --- [main] o.h.e.t.j.p.i.JtaPlatformInitiator       : HHH000490: Using JtaPlatform implementation: [org.hibernate.engine.transaction.jta.platform.internal.NoJtaPlatform]
2022-02-15 09:44:13.523  INFO 3468 --- [main] j.LocalContainerEntityManagerFactoryBean : Initialized JPA EntityManagerFactory for persistence unit 'default'
2022-02-15 09:44:13.617  WARN 3468 --- [main] JpaBaseConfiguration$JpaWebConfiguration : spring.jpa.open-in-view is enabled by default. Therefore, database queries may be performed during view rendering. Explicitly configure spring.jpa.open-in-view to disable this warning
2022-02-15 09:44:14.461  INFO 3468 --- [main] o.s.s.web.DefaultSecurityFilterChain     : Will secure any request with [org.springframework.security.web.context.request.async.WebAsyncManagerIntegrationFilter@7ef7e65c, org.springframework.security.web.context.SecurityContextPersistenceFilter@1371efaf, org.springframework.security.web.header.HeaderWriterFilter@282a2913, org.springframework.security.web.authentication.logout.LogoutFilter@22cf6dad, com.example.walletapi.config.jwtAuthenticationFilter@60e6fb27, org.springframework.security.web.savedrequest.RequestCacheAwareFilter@7669c310, org.springframework.security.web.servletapi.SecurityContextHolderAwareRequestFilter@6125e1f9, org.springframework.security.web.authentication.AnonymousAuthenticationFilter@65751b09, org.springframework.security.web.session.SessionManagementFilter@45363d6c, org.springframework.security.web.access.ExceptionTranslationFilter@daed9ee, org.springframework.security.web.access.intercept.FilterSecurityInterceptor@518d2c3c]
2022-02-15 09:44:15.492  INFO 3468 --- [main] com.example.walletapi.UserServiceTest    : Started UserServiceTest in 7.549 seconds (JVM running for 9.198)
2022-02-15 09:44:15.976  INFO 3468 --- [main] .b.t.c.SpringBootTestContextBootstrapper : Neither @ContextConfiguration nor @ContextHierarchy found for test class [com.example.walletapi.WalletApiApplicationTests], using SpringBootContextLoader
2022-02-15 09:44:15.976  INFO 3468 --- [main] o.s.t.c.support.AbstractContextLoader    : Could not detect default resource locations for test class [com.example.walletapi.WalletApiApplicationTests]: no resource found for suffixes {-context.xml, Context.groovy}.
2022-02-15 09:44:15.976  INFO 3468 --- [main] t.c.s.AnnotationConfigContextLoaderUtils : Could not detect default configuration classes for test class [com.example.walletapi.WalletApiApplicationTests]: WalletApiApplicationTests does not declare any static, non-private, non-final, nested classes annotated with @Configuration.
2022-02-15 09:44:15.976  INFO 3468 --- [main] .b.t.c.SpringBootTestContextBootstrapper : Found @SpringBootConfiguration com.example.walletapi.WalletApiApplication for test class com.example.walletapi.WalletApiApplicationTests
2022-02-15 09:44:15.976  INFO 3468 --- [main] .b.t.c.SpringBootTestContextBootstrapper : Loaded default TestExecutionListener class names from location [META-INF/spring.factories]: [org.springframework.boot.test.mock.mockito.MockitoTestExecutionListener, org.springframework.boot.test.mock.mockito.ResetMocksTestExecutionListener, org.springframework.boot.test.autoconfigure.restdocs.RestDocsTestExecutionListener, org.springframework.boot.test.autoconfigure.web.client.MockRestServiceServerResetTestExecutionListener, org.springframework.boot.test.autoconfigure.web.servlet.MockMvcPrintOnlyOnFailureTestExecutionListener, org.springframework.boot.test.autoconfigure.web.servlet.WebDriverTestExecutionListener, org.springframework.boot.test.autoconfigure.webservices.client.MockWebServiceServerTestExecutionListener, org.springframework.test.context.web.ServletTestExecutionListener, org.springframework.test.context.support.DirtiesContextBeforeModesTestExecutionListener, org.springframework.test.context.event.ApplicationEventsTestExecutionListener, org.springframework.test.context.support.DependencyInjectionTestExecutionListener, org.springframework.test.context.support.DirtiesContextTestExecutionListener, org.springframework.test.context.transaction.TransactionalTestExecutionListener, org.springframework.test.context.jdbc.SqlScriptsTestExecutionListener, org.springframework.test.context.event.EventPublishingTestExecutionListener, org.springframework.security.test.context.support.WithSecurityContextTestExecutionListener, org.springframework.security.test.context.support.ReactorContextTestExecutionListener]
2022-02-15 09:44:15.976  INFO 3468 --- [main] .b.t.c.SpringBootTestContextBootstrapper : Using TestExecutionListeners: [org.springframework.test.context.web.ServletTestExecutionListener@172c59c3, org.springframework.test.context.support.DirtiesContextBeforeModesTestExecutionListener@932d952, org.springframework.test.context.event.ApplicationEventsTestExecutionListener@5126936b, org.springframework.boot.test.mock.mockito.MockitoTestExecutionListener@68d620e3, org.springframework.boot.test.autoconfigure.SpringBootDependencyInjectionTestExecutionListener@1d418e7b, org.springframework.test.context.support.DirtiesContextTestExecutionListener@2263cc8, org.springframework.test.context.transaction.TransactionalTestExecutionListener@677e5a2c, org.springframework.test.context.jdbc.SqlScriptsTestExecutionListener@3e76bf18, org.springframework.test.context.event.EventPublishingTestExecutionListener@2f55ccfb, org.springframework.security.test.context.support.WithSecurityContextTestExecutionListener@1c2665a5, org.springframework.security.test.context.support.ReactorContextTestExecutionListener@91cf337, org.springframework.boot.test.mock.mockito.ResetMocksTestExecutionListener@2991373, org.springframework.boot.test.autoconfigure.restdocs.RestDocsTestExecutionListener@3aa25cf, org.springframework.boot.test.autoconfigure.web.client.MockRestServiceServerResetTestExecutionListener@2c8e7352, org.springframework.boot.test.autoconfigure.web.servlet.MockMvcPrintOnlyOnFailureTestExecutionListener@4265a8bf, org.springframework.boot.test.autoconfigure.web.servlet.WebDriverTestExecutionListener@82d390b, org.springframework.boot.test.autoconfigure.webservices.client.MockWebServiceServerTestExecutionListener@5a7bf19c]
2022-02-15 09:44:16.023  INFO 3468 --- [main] c.e.walletapi.WalletApiApplicationTests  : Starting WalletApiApplicationTests using Java 1.8.0_311 on ASUS-ROG with PID 3468 (started by kumar in D:\Java_Learn\WalletApi)
2022-02-15 09:44:16.023 DEBUG 3468 --- [main] c.e.walletapi.WalletApiApplicationTests  : Running with Spring Boot v2.6.2, Spring v5.3.14
2022-02-15 09:44:16.023  INFO 3468 --- [main] c.e.walletapi.WalletApiApplicationTests  : No active profile set, falling back to default profiles: default
2022-02-15 09:44:16.242  INFO 3468 --- [main] .s.d.r.c.RepositoryConfigurationDelegate : Bootstrapping Spring Data JPA repositories in DEFAULT mode.
2022-02-15 09:44:16.258  INFO 3468 --- [main] .s.d.r.c.RepositoryConfigurationDelegate : Finished Spring Data repository scanning in 14 ms. Found 3 JPA repository interfaces.
2022-02-15 09:44:16.445  INFO 3468 --- [main] o.hibernate.jpa.internal.util.LogHelper  : HHH000204: Processing PersistenceUnitInfo [name: default]
2022-02-15 09:44:16.445  INFO 3468 --- [main] com.zaxxer.hikari.HikariDataSource       : HikariPool-2 - Starting...
2022-02-15 09:44:16.476  INFO 3468 --- [main] com.zaxxer.hikari.HikariDataSource       : HikariPool-2 - Start completed.
2022-02-15 09:44:16.476  INFO 3468 --- [main] org.hibernate.dialect.Dialect            : HHH000400: Using dialect: org.hibernate.dialect.MySQL8Dialect
2022-02-15 09:44:16.882  INFO 3468 --- [main] o.h.e.t.j.p.i.JtaPlatformInitiator       : HHH000490: Using JtaPlatform implementation: [org.hibernate.engine.transaction.jta.platform.internal.NoJtaPlatform]
2022-02-15 09:44:16.882  INFO 3468 --- [main] j.LocalContainerEntityManagerFactoryBean : Initialized JPA EntityManagerFactory for persistence unit 'default'
2022-02-15 09:44:16.929  WARN 3468 --- [main] JpaBaseConfiguration$JpaWebConfiguration : spring.jpa.open-in-view is enabled by default. Therefore, database queries may be performed during view rendering. Explicitly configure spring.jpa.open-in-view to disable this warning
2022-02-15 09:44:17.242  INFO 3468 --- [main] o.s.s.web.DefaultSecurityFilterChain     : Will secure any request with [org.springframework.security.web.context.request.async.WebAsyncManagerIntegrationFilter@6ac8ff49, org.springframework.security.web.context.SecurityContextPersistenceFilter@75a1896, org.springframework.security.web.header.HeaderWriterFilter@310d491a, org.springframework.security.web.authentication.logout.LogoutFilter@126e2e29, com.example.walletapi.config.jwtAuthenticationFilter@1700da2a, org.springframework.security.web.savedrequest.RequestCacheAwareFilter@7b3d5973, org.springframework.security.web.servletapi.SecurityContextHolderAwareRequestFilter@20a38a97, org.springframework.security.web.authentication.AnonymousAuthenticationFilter@4312eb27, org.springframework.security.web.session.SessionManagementFilter@1d5f07df, org.springframework.security.web.access.ExceptionTranslationFilter@13cdeac4, org.springframework.security.web.access.intercept.FilterSecurityInterceptor@43669b0f]
2022-02-15 09:44:17.695  INFO 3468 --- [main] o.s.b.t.m.w.SpringBootMockServletContext : Initializing Spring TestDispatcherServlet ''
2022-02-15 09:44:17.695  INFO 3468 --- [main] o.s.t.web.servlet.TestDispatcherServlet  : Initializing Servlet ''
2022-02-15 09:44:17.695  INFO 3468 --- [main] o.s.t.web.servlet.TestDispatcherServlet  : Completed initialization in 0 ms
2022-02-15 09:44:17.710  INFO 3468 --- [main] c.e.walletapi.WalletApiApplicationTests  : Started WalletApiApplicationTests in 1.726 seconds (JVM running for 11.423)
2022-02-15 09:44:17.835  INFO 3468 --- [main] c.e.walletapi.WalletApiApplication       : User Creation initiated.
2022-02-15 09:44:17.835 DEBUG 3468 --- [main] c.e.walletapi.WalletApiApplication       : User phoneNumber: 9044710277
2022-02-15 09:44:17.835 DEBUG 3468 --- [main] c.e.walletapi.WalletApiApplication       : Checking validations on user
2022-02-15 09:44:18.398 DEBUG 3468 --- [main] c.e.walletapi.WalletApiApplication       : com.example.walletapi.dto.ResponseObject@26642f3d
2022-02-15 09:44:18.507  INFO 3468 --- [main] c.e.walletapi.WalletApiApplication       : User Creation initiated.
2022-02-15 09:44:18.507 DEBUG 3468 --- [main] c.e.walletapi.WalletApiApplication       : User phoneNumber: 9044710277
2022-02-15 09:44:18.507 DEBUG 3468 --- [main] c.e.walletapi.WalletApiApplication       : Checking validations on user
2022-02-15 09:44:18.538 DEBUG 3468 --- [main] c.e.walletapi.WalletApiApplication       : Exception occurred [UserController.createUser:47]: User already exist
2022-02-15 09:44:18.569  INFO 3468 --- [main] c.e.walletapi.WalletApiApplication       : User Creation initiated.
2022-02-15 09:44:18.569 DEBUG 3468 --- [main] c.e.walletapi.WalletApiApplication       : User phoneNumber: 7651895280
2022-02-15 09:44:18.569 DEBUG 3468 --- [main] c.e.walletapi.WalletApiApplication       : Checking validations on user
2022-02-15 09:44:18.585 DEBUG 3468 --- [main] c.e.walletapi.WalletApiApplication       : Exception occurred [UserController.createUser:47]: Invalid Email Address!!
2022-02-15 09:44:18.929  INFO 3468 --- [main] c.e.walletapi.WalletApiApplication       : Wallet Creation initiated.
2022-02-15 09:44:18.929 DEBUG 3468 --- [main] c.e.walletapi.WalletApiApplication       : User phoneNumber: 9044710277
2022-02-15 09:44:18.929 DEBUG 3468 --- [main] c.e.walletapi.WalletApiApplication       : Creating Wallet
2022-02-15 09:44:18.960 DEBUG 3468 --- [main] c.e.walletapi.WalletApiApplication       : Wallet Created
2022-02-15 09:44:19.069  INFO 3468 --- [main] c.e.walletapi.WalletApiApplication       : Adding money to wallet
2022-02-15 09:44:19.069 DEBUG 3468 --- [main] c.e.walletapi.WalletApiApplication       : User phoneNumber: 9044710277
2022-02-15 09:44:19.069 DEBUG 3468 --- [main] c.e.walletapi.WalletApiApplication       : Adding money
2022-02-15 09:44:19.085 DEBUG 3468 --- [main] c.e.walletapi.WalletApiApplication       : Money successfully added
2022-02-15 09:44:19.179  INFO 3468 --- [main] c.e.walletapi.WalletApiApplication       : Transfer Money From one wallet to another
2022-02-15 09:44:19.194 DEBUG 3468 --- [main] c.e.walletapi.WalletApiApplication       : Exception occured [WalletController.transferMoney:93]: User does not exist
2022-02-15 09:44:19.194  INFO 3468 --- [main] .b.t.c.SpringBootTestContextBootstrapper : Neither @ContextConfiguration nor @ContextHierarchy found for test class [com.example.walletapi.WalletServiceTest], using SpringBootContextLoader
2022-02-15 09:44:19.194  INFO 3468 --- [main] o.s.t.c.support.AbstractContextLoader    : Could not detect default resource locations for test class [com.example.walletapi.WalletServiceTest]: no resource found for suffixes {-context.xml, Context.groovy}.
2022-02-15 09:44:19.194  INFO 3468 --- [main] t.c.s.AnnotationConfigContextLoaderUtils : Could not detect default configuration classes for test class [com.example.walletapi.WalletServiceTest]: WalletServiceTest does not declare any static, non-private, non-final, nested classes annotated with @Configuration.
2022-02-15 09:44:19.194  INFO 3468 --- [main] .b.t.c.SpringBootTestContextBootstrapper : Found @SpringBootConfiguration com.example.walletapi.WalletApiApplication for test class com.example.walletapi.WalletServiceTest
2022-02-15 09:44:19.194  INFO 3468 --- [main] .b.t.c.SpringBootTestContextBootstrapper : Loaded default TestExecutionListener class names from location [META-INF/spring.factories]: [org.springframework.boot.test.mock.mockito.MockitoTestExecutionListener, org.springframework.boot.test.mock.mockito.ResetMocksTestExecutionListener, org.springframework.boot.test.autoconfigure.restdocs.RestDocsTestExecutionListener, org.springframework.boot.test.autoconfigure.web.client.MockRestServiceServerResetTestExecutionListener, org.springframework.boot.test.autoconfigure.web.servlet.MockMvcPrintOnlyOnFailureTestExecutionListener, org.springframework.boot.test.autoconfigure.web.servlet.WebDriverTestExecutionListener, org.springframework.boot.test.autoconfigure.webservices.client.MockWebServiceServerTestExecutionListener, org.springframework.test.context.web.ServletTestExecutionListener, org.springframework.test.context.support.DirtiesContextBeforeModesTestExecutionListener, org.springframework.test.context.event.ApplicationEventsTestExecutionListener, org.springframework.test.context.support.DependencyInjectionTestExecutionListener, org.springframework.test.context.support.DirtiesContextTestExecutionListener, org.springframework.test.context.transaction.TransactionalTestExecutionListener, org.springframework.test.context.jdbc.SqlScriptsTestExecutionListener, org.springframework.test.context.event.EventPublishingTestExecutionListener, org.springframework.security.test.context.support.WithSecurityContextTestExecutionListener, org.springframework.security.test.context.support.ReactorContextTestExecutionListener]
2022-02-15 09:44:19.194  INFO 3468 --- [main] .b.t.c.SpringBootTestContextBootstrapper : Using TestExecutionListeners: [org.springframework.test.context.web.ServletTestExecutionListener@3d899b6c, org.springframework.test.context.support.DirtiesContextBeforeModesTestExecutionListener@7e97dc2d, org.springframework.test.context.event.ApplicationEventsTestExecutionListener@25b174de, org.springframework.boot.test.mock.mockito.MockitoTestExecutionListener@726b1e2e, org.springframework.boot.test.autoconfigure.SpringBootDependencyInjectionTestExecutionListener@348a9f4, org.springframework.test.context.support.DirtiesContextTestExecutionListener@43fe7b04, org.springframework.test.context.transaction.TransactionalTestExecutionListener@6d47e021, org.springframework.test.context.jdbc.SqlScriptsTestExecutionListener@477709c9, org.springframework.test.context.event.EventPublishingTestExecutionListener@1b60fda, org.springframework.security.test.context.support.WithSecurityContextTestExecutionListener@312062b3, org.springframework.security.test.context.support.ReactorContextTestExecutionListener@63b4ca5e, org.springframework.boot.test.mock.mockito.ResetMocksTestExecutionListener@1c72aea0, org.springframework.boot.test.autoconfigure.restdocs.RestDocsTestExecutionListener@2d8bba2b, org.springframework.boot.test.autoconfigure.web.client.MockRestServiceServerResetTestExecutionListener@1f8c70d3, org.springframework.boot.test.autoconfigure.web.servlet.MockMvcPrintOnlyOnFailureTestExecutionListener@5a2faf46, org.springframework.boot.test.autoconfigure.web.servlet.WebDriverTestExecutionListener@53a10d0d, org.springframework.boot.test.autoconfigure.webservices.client.MockWebServiceServerTestExecutionListener@238bafb0]
2022-02-15 09:44:19.226  INFO 3468 --- [main] com.example.walletapi.WalletServiceTest  : Starting WalletServiceTest using Java 1.8.0_311 on ASUS-ROG with PID 3468 (started by kumar in D:\Java_Learn\WalletApi)
2022-02-15 09:44:19.226 DEBUG 3468 --- [main] com.example.walletapi.WalletServiceTest  : Running with Spring Boot v2.6.2, Spring v5.3.14
2022-02-15 09:44:19.226  INFO 3468 --- [main] com.example.walletapi.WalletServiceTest  : No active profile set, falling back to default profiles: default
2022-02-15 09:44:19.366  INFO 3468 --- [main] .s.d.r.c.RepositoryConfigurationDelegate : Bootstrapping Spring Data JPA repositories in DEFAULT mode.
2022-02-15 09:44:19.382  INFO 3468 --- [main] .s.d.r.c.RepositoryConfigurationDelegate : Finished Spring Data repository scanning in 11 ms. Found 3 JPA repository interfaces.
2022-02-15 09:44:19.522  INFO 3468 --- [main] o.hibernate.jpa.internal.util.LogHelper  : HHH000204: Processing PersistenceUnitInfo [name: default]
2022-02-15 09:44:19.522  INFO 3468 --- [main] com.zaxxer.hikari.HikariDataSource       : HikariPool-3 - Starting...
2022-02-15 09:44:19.538  INFO 3468 --- [main] com.zaxxer.hikari.HikariDataSource       : HikariPool-3 - Start completed.
2022-02-15 09:44:19.538  INFO 3468 --- [main] org.hibernate.dialect.Dialect            : HHH000400: Using dialect: org.hibernate.dialect.MySQL8Dialect
2022-02-15 09:44:19.882  INFO 3468 --- [main] o.h.e.t.j.p.i.JtaPlatformInitiator       : HHH000490: Using JtaPlatform implementation: [org.hibernate.engine.transaction.jta.platform.internal.NoJtaPlatform]
2022-02-15 09:44:19.882  INFO 3468 --- [main] j.LocalContainerEntityManagerFactoryBean : Initialized JPA EntityManagerFactory for persistence unit 'default'
2022-02-15 09:44:19.929  WARN 3468 --- [main] JpaBaseConfiguration$JpaWebConfiguration : spring.jpa.open-in-view is enabled by default. Therefore, database queries may be performed during view rendering. Explicitly configure spring.jpa.open-in-view to disable this warning
2022-02-15 09:44:20.038  INFO 3468 --- [main] o.s.s.web.DefaultSecurityFilterChain     : Will secure any request with [org.springframework.security.web.context.request.async.WebAsyncManagerIntegrationFilter@6eebdba1, org.springframework.security.web.context.SecurityContextPersistenceFilter@16bb0085, org.springframework.security.web.header.HeaderWriterFilter@497a10bd, org.springframework.security.web.authentication.logout.LogoutFilter@78843732, com.example.walletapi.config.jwtAuthenticationFilter@232a0135, org.springframework.security.web.savedrequest.RequestCacheAwareFilter@3a8e9259, org.springframework.security.web.servletapi.SecurityContextHolderAwareRequestFilter@2368924d, org.springframework.security.web.authentication.AnonymousAuthenticationFilter@61d58751, org.springframework.security.web.session.SessionManagementFilter@660e70d9, org.springframework.security.web.access.ExceptionTranslationFilter@d59982, org.springframework.security.web.access.intercept.FilterSecurityInterceptor@1c52c8fa]
2022-02-15 09:44:20.382  INFO 3468 --- [main] com.example.walletapi.WalletServiceTest  : Started WalletServiceTest in 1.175 seconds (JVM running for 14.085)
2022-02-15 09:44:20.413  INFO 3468 --- [SpringApplicationShutdownHook] j.LocalContainerEntityManagerFactoryBean : Closing JPA EntityManagerFactory for persistence unit 'default'
2022-02-15 09:44:20.413  INFO 3468 --- [SpringApplicationShutdownHook] com.zaxxer.hikari.HikariDataSource       : HikariPool-1 - Shutdown initiated...
2022-02-15 09:44:20.428  INFO 3468 --- [SpringApplicationShutdownHook] com.zaxxer.hikari.HikariDataSource       : HikariPool-1 - Shutdown completed.
2022-02-15 09:44:20.428  INFO 3468 --- [SpringApplicationShutdownHook] j.LocalContainerEntityManagerFactoryBean : Closing JPA EntityManagerFactory for persistence unit 'default'
2022-02-15 09:44:20.428  INFO 3468 --- [SpringApplicationShutdownHook] com.zaxxer.hikari.HikariDataSource       : HikariPool-2 - Shutdown initiated...
2022-02-15 09:44:20.444  INFO 3468 --- [SpringApplicationShutdownHook] com.zaxxer.hikari.HikariDataSource       : HikariPool-2 - Shutdown completed.
2022-02-15 09:44:20.444  INFO 3468 --- [SpringApplicationShutdownHook] j.LocalContainerEntityManagerFactoryBean : Closing JPA EntityManagerFactory for persistence unit 'default'
2022-02-15 09:44:20.444  INFO 3468 --- [SpringApplicationShutdownHook] com.zaxxer.hikari.HikariDataSource       : HikariPool-3 - Shutdown initiated...
2022-02-15 09:44:20.444  INFO 3468 --- [SpringApplicationShutdownHook] com.zaxxer.hikari.HikariDataSource       : HikariPool-3 - Shutdown completed.
2022-02-15 09:47:58.721  INFO 18120 --- [main] com.example.walletapi.UserServiceTest    : Starting UserServiceTest using Java 1.8.0_311 on ASUS-ROG with PID 18120 (started by kumar in D:\Java_Learn\WalletApi)
2022-02-15 09:47:58.721 DEBUG 18120 --- [main] com.example.walletapi.UserServiceTest    : Running with Spring Boot v2.6.2, Spring v5.3.14
2022-02-15 09:47:58.721  INFO 18120 --- [main] com.example.walletapi.UserServiceTest    : No active profile set, falling back to default profiles: default
2022-02-15 09:47:59.346  INFO 18120 --- [main] .s.d.r.c.RepositoryConfigurationDelegate : Bootstrapping Spring Data JPA repositories in DEFAULT mode.
2022-02-15 09:47:59.424  INFO 18120 --- [main] .s.d.r.c.RepositoryConfigurationDelegate : Finished Spring Data repository scanning in 60 ms. Found 3 JPA repository interfaces.
2022-02-15 09:48:00.658  INFO 18120 --- [main] o.hibernate.jpa.internal.util.LogHelper  : HHH000204: Processing PersistenceUnitInfo [name: default]
2022-02-15 09:48:00.736  INFO 18120 --- [main] org.hibernate.Version                    : HHH000412: Hibernate ORM core version 5.6.3.Final
2022-02-15 09:48:00.783  INFO 18120 --- [main] o.hibernate.annotations.common.Version   : HCANN000001: Hibernate Commons Annotations {5.1.2.Final}
2022-02-15 09:48:01.127  INFO 18120 --- [main] com.zaxxer.hikari.HikariDataSource       : HikariPool-1 - Starting...
2022-02-15 09:48:01.752  INFO 18120 --- [main] com.zaxxer.hikari.HikariDataSource       : HikariPool-1 - Start completed.
2022-02-15 09:48:01.799  INFO 18120 --- [main] org.hibernate.dialect.Dialect            : HHH000400: Using dialect: org.hibernate.dialect.MySQL8Dialect
2022-02-15 09:48:03.002  INFO 18120 --- [main] o.h.e.t.j.p.i.JtaPlatformInitiator       : HHH000490: Using JtaPlatform implementation: [org.hibernate.engine.transaction.jta.platform.internal.NoJtaPlatform]
2022-02-15 09:48:03.002  INFO 18120 --- [main] j.LocalContainerEntityManagerFactoryBean : Initialized JPA EntityManagerFactory for persistence unit 'default'
2022-02-15 09:48:03.080  WARN 18120 --- [main] JpaBaseConfiguration$JpaWebConfiguration : spring.jpa.open-in-view is enabled by default. Therefore, database queries may be performed during view rendering. Explicitly configure spring.jpa.open-in-view to disable this warning
2022-02-15 09:48:03.877  INFO 18120 --- [main] o.s.s.web.DefaultSecurityFilterChain     : Will secure any request with [org.springframework.security.web.context.request.async.WebAsyncManagerIntegrationFilter@2c616da3, org.springframework.security.web.context.SecurityContextPersistenceFilter@28158904, org.springframework.security.web.header.HeaderWriterFilter@e2da24f, org.springframework.security.web.authentication.logout.LogoutFilter@7f5fbf0d, com.example.walletapi.config.jwtAuthenticationFilter@7e371c3f, org.springframework.security.web.savedrequest.RequestCacheAwareFilter@3cd491d6, org.springframework.security.web.servletapi.SecurityContextHolderAwareRequestFilter@4e3611a7, org.springframework.security.web.authentication.AnonymousAuthenticationFilter@1c2d9e58, org.springframework.security.web.session.SessionManagementFilter@607ec7ac, org.springframework.security.web.access.ExceptionTranslationFilter@2bf7c7df, org.springframework.security.web.access.intercept.FilterSecurityInterceptor@651ac84c]
2022-02-15 09:48:04.908  INFO 18120 --- [main] com.example.walletapi.UserServiceTest    : Started UserServiceTest in 6.504 seconds (JVM running for 7.938)
2022-02-15 09:48:05.345  INFO 18120 --- [main] .b.t.c.SpringBootTestContextBootstrapper : Neither @ContextConfiguration nor @ContextHierarchy found for test class [com.example.walletapi.WalletApiApplicationTests], using SpringBootContextLoader
2022-02-15 09:48:05.345  INFO 18120 --- [main] o.s.t.c.support.AbstractContextLoader    : Could not detect default resource locations for test class [com.example.walletapi.WalletApiApplicationTests]: no resource found for suffixes {-context.xml, Context.groovy}.
2022-02-15 09:48:05.345  INFO 18120 --- [main] t.c.s.AnnotationConfigContextLoaderUtils : Could not detect default configuration classes for test class [com.example.walletapi.WalletApiApplicationTests]: WalletApiApplicationTests does not declare any static, non-private, non-final, nested classes annotated with @Configuration.
2022-02-15 09:48:05.345  INFO 18120 --- [main] .b.t.c.SpringBootTestContextBootstrapper : Found @SpringBootConfiguration com.example.walletapi.WalletApiApplication for test class com.example.walletapi.WalletApiApplicationTests
2022-02-15 09:48:05.361  INFO 18120 --- [main] .b.t.c.SpringBootTestContextBootstrapper : Loaded default TestExecutionListener class names from location [META-INF/spring.factories]: [org.springframework.boot.test.mock.mockito.MockitoTestExecutionListener, org.springframework.boot.test.mock.mockito.ResetMocksTestExecutionListener, org.springframework.boot.test.autoconfigure.restdocs.RestDocsTestExecutionListener, org.springframework.boot.test.autoconfigure.web.client.MockRestServiceServerResetTestExecutionListener, org.springframework.boot.test.autoconfigure.web.servlet.MockMvcPrintOnlyOnFailureTestExecutionListener, org.springframework.boot.test.autoconfigure.web.servlet.WebDriverTestExecutionListener, org.springframework.boot.test.autoconfigure.webservices.client.MockWebServiceServerTestExecutionListener, org.springframework.test.context.web.ServletTestExecutionListener, org.springframework.test.context.support.DirtiesContextBeforeModesTestExecutionListener, org.springframework.test.context.event.ApplicationEventsTestExecutionListener, org.springframework.test.context.support.DependencyInjectionTestExecutionListener, org.springframework.test.context.support.DirtiesContextTestExecutionListener, org.springframework.test.context.transaction.TransactionalTestExecutionListener, org.springframework.test.context.jdbc.SqlScriptsTestExecutionListener, org.springframework.test.context.event.EventPublishingTestExecutionListener, org.springframework.security.test.context.support.WithSecurityContextTestExecutionListener, org.springframework.security.test.context.support.ReactorContextTestExecutionListener]
2022-02-15 09:48:05.361  INFO 18120 --- [main] .b.t.c.SpringBootTestContextBootstrapper : Using TestExecutionListeners: [org.springframework.test.context.web.ServletTestExecutionListener@7127c4ff, org.springframework.test.context.support.DirtiesContextBeforeModesTestExecutionListener@56e5102c, org.springframework.test.context.event.ApplicationEventsTestExecutionListener@3f8eb5c4, org.springframework.boot.test.mock.mockito.MockitoTestExecutionListener@8be506d, org.springframework.boot.test.autoconfigure.SpringBootDependencyInjectionTestExecutionListener@47717db9, org.springframework.test.context.support.DirtiesContextTestExecutionListener@39eb610b, org.springframework.test.context.transaction.TransactionalTestExecutionListener@7381c367, org.springframework.test.context.jdbc.SqlScriptsTestExecutionListener@9c6d842, org.springframework.test.context.event.EventPublishingTestExecutionListener@4596e076, org.springframework.security.test.context.support.WithSecurityContextTestExecutionListener@279732f6, org.springframework.security.test.context.support.ReactorContextTestExecutionListener@5af04798, org.springframework.boot.test.mock.mockito.ResetMocksTestExecutionListener@654b804c, org.springframework.boot.test.autoconfigure.restdocs.RestDocsTestExecutionListener@172c59c3, org.springframework.boot.test.autoconfigure.web.client.MockRestServiceServerResetTestExecutionListener@932d952, org.springframework.boot.test.autoconfigure.web.servlet.MockMvcPrintOnlyOnFailureTestExecutionListener@5126936b, org.springframework.boot.test.autoconfigure.web.servlet.WebDriverTestExecutionListener@68d620e3, org.springframework.boot.test.autoconfigure.webservices.client.MockWebServiceServerTestExecutionListener@1d418e7b]
2022-02-15 09:48:05.392  INFO 18120 --- [main] c.e.walletapi.WalletApiApplicationTests  : Starting WalletApiApplicationTests using Java 1.8.0_311 on ASUS-ROG with PID 18120 (started by kumar in D:\Java_Learn\WalletApi)
2022-02-15 09:48:05.392 DEBUG 18120 --- [main] c.e.walletapi.WalletApiApplicationTests  : Running with Spring Boot v2.6.2, Spring v5.3.14
2022-02-15 09:48:05.392  INFO 18120 --- [main] c.e.walletapi.WalletApiApplicationTests  : No active profile set, falling back to default profiles: default
2022-02-15 09:48:05.611  INFO 18120 --- [main] .s.d.r.c.RepositoryConfigurationDelegate : Bootstrapping Spring Data JPA repositories in DEFAULT mode.
2022-02-15 09:48:05.626  INFO 18120 --- [main] .s.d.r.c.RepositoryConfigurationDelegate : Finished Spring Data repository scanning in 16 ms. Found 3 JPA repository interfaces.
2022-02-15 09:48:05.829  INFO 18120 --- [main] o.hibernate.jpa.internal.util.LogHelper  : HHH000204: Processing PersistenceUnitInfo [name: default]
2022-02-15 09:48:05.829  INFO 18120 --- [main] com.zaxxer.hikari.HikariDataSource       : HikariPool-2 - Starting...
2022-02-15 09:48:05.861  INFO 18120 --- [main] com.zaxxer.hikari.HikariDataSource       : HikariPool-2 - Start completed.
2022-02-15 09:48:05.861  INFO 18120 --- [main] org.hibernate.dialect.Dialect            : HHH000400: Using dialect: org.hibernate.dialect.MySQL8Dialect
2022-02-15 09:48:06.204  INFO 18120 --- [main] o.h.e.t.j.p.i.JtaPlatformInitiator       : HHH000490: Using JtaPlatform implementation: [org.hibernate.engine.transaction.jta.platform.internal.NoJtaPlatform]
2022-02-15 09:48:06.204  INFO 18120 --- [main] j.LocalContainerEntityManagerFactoryBean : Initialized JPA EntityManagerFactory for persistence unit 'default'
2022-02-15 09:48:06.251  WARN 18120 --- [main] JpaBaseConfiguration$JpaWebConfiguration : spring.jpa.open-in-view is enabled by default. Therefore, database queries may be performed during view rendering. Explicitly configure spring.jpa.open-in-view to disable this warning
2022-02-15 09:48:06.595  INFO 18120 --- [main] o.s.s.web.DefaultSecurityFilterChain     : Will secure any request with [org.springframework.security.web.context.request.async.WebAsyncManagerIntegrationFilter@20a38a97, org.springframework.security.web.context.SecurityContextPersistenceFilter@5a5f4950, org.springframework.security.web.header.HeaderWriterFilter@49e1b61, org.springframework.security.web.authentication.logout.LogoutFilter@6dc836c2, com.example.walletapi.config.jwtAuthenticationFilter@2a68746e, org.springframework.security.web.savedrequest.RequestCacheAwareFilter@79e15351, org.springframework.security.web.servletapi.SecurityContextHolderAwareRequestFilter@dd00a1f, org.springframework.security.web.authentication.AnonymousAuthenticationFilter@45a700a3, org.springframework.security.web.session.SessionManagementFilter@5dc3b5c4, org.springframework.security.web.access.ExceptionTranslationFilter@7e7bbcc6, org.springframework.security.web.access.intercept.FilterSecurityInterceptor@7b3d5973]
2022-02-15 09:48:07.017  INFO 18120 --- [main] o.s.b.t.m.w.SpringBootMockServletContext : Initializing Spring TestDispatcherServlet ''
2022-02-15 09:48:07.017  INFO 18120 --- [main] o.s.t.web.servlet.TestDispatcherServlet  : Initializing Servlet ''
2022-02-15 09:48:07.017  INFO 18120 --- [main] o.s.t.web.servlet.TestDispatcherServlet  : Completed initialization in 0 ms
2022-02-15 09:48:07.017  INFO 18120 --- [main] c.e.walletapi.WalletApiApplicationTests  : Started WalletApiApplicationTests in 1.665 seconds (JVM running for 10.053)
2022-02-15 09:48:07.110  INFO 18120 --- [main] c.e.walletapi.WalletApiApplication       : User Creation initiated.
2022-02-15 09:48:07.110 DEBUG 18120 --- [main] c.e.walletapi.WalletApiApplication       : User phoneNumber: 0123456789
2022-02-15 09:48:07.110 DEBUG 18120 --- [main] c.e.walletapi.WalletApiApplication       : Checking validations on user
2022-02-15 09:48:07.532 DEBUG 18120 --- [main] c.e.walletapi.WalletApiApplication       : com.example.walletapi.dto.ResponseObject@10b53e70
2022-02-15 09:48:07.595  INFO 18120 --- [main] c.e.walletapi.WalletApiApplication       : User Creation initiated.
2022-02-15 09:48:07.595 DEBUG 18120 --- [main] c.e.walletapi.WalletApiApplication       : User phoneNumber: 0123456789
2022-02-15 09:48:07.595 DEBUG 18120 --- [main] c.e.walletapi.WalletApiApplication       : Checking validations on user
2022-02-15 09:48:07.610 DEBUG 18120 --- [main] c.e.walletapi.WalletApiApplication       : Exception occurred [UserController.createUser:47]: User already exist
2022-02-15 09:48:07.626  INFO 18120 --- [main] c.e.walletapi.WalletApiApplication       : User Creation initiated.
2022-02-15 09:48:07.626 DEBUG 18120 --- [main] c.e.walletapi.WalletApiApplication       : User phoneNumber: 7651895280
2022-02-15 09:48:07.626 DEBUG 18120 --- [main] c.e.walletapi.WalletApiApplication       : Checking validations on user
2022-02-15 09:48:07.626 DEBUG 18120 --- [main] c.e.walletapi.WalletApiApplication       : Exception occurred [UserController.createUser:47]: Invalid Email Address!!
2022-02-15 09:48:07.954  INFO 18120 --- [main] c.e.walletapi.WalletApiApplication       : Wallet Creation initiated.
2022-02-15 09:48:07.954 DEBUG 18120 --- [main] c.e.walletapi.WalletApiApplication       : User phoneNumber: 0123456789
2022-02-15 09:48:07.954 DEBUG 18120 --- [main] c.e.walletapi.WalletApiApplication       : Creating Wallet
2022-02-15 09:48:07.985 DEBUG 18120 --- [main] c.e.walletapi.WalletApiApplication       : Wallet Created
2022-02-15 09:48:08.110  INFO 18120 --- [main] c.e.walletapi.WalletApiApplication       : Adding money to wallet
2022-02-15 09:48:08.110 DEBUG 18120 --- [main] c.e.walletapi.WalletApiApplication       : User phoneNumber: 0123456789
2022-02-15 09:48:08.110 DEBUG 18120 --- [main] c.e.walletapi.WalletApiApplication       : Adding money
2022-02-15 09:48:08.126 DEBUG 18120 --- [main] c.e.walletapi.WalletApiApplication       : Money successfully added
2022-02-15 09:48:08.235  INFO 18120 --- [main] c.e.walletapi.WalletApiApplication       : Transfer Money From one wallet to another
2022-02-15 09:48:08.235 DEBUG 18120 --- [main] c.e.walletapi.WalletApiApplication       : Exception occured [WalletController.transferMoney:93]: User does not exist
2022-02-15 09:48:08.251  INFO 18120 --- [main] .b.t.c.SpringBootTestContextBootstrapper : Neither @ContextConfiguration nor @ContextHierarchy found for test class [com.example.walletapi.WalletServiceTest], using SpringBootContextLoader
2022-02-15 09:48:08.251  INFO 18120 --- [main] o.s.t.c.support.AbstractContextLoader    : Could not detect default resource locations for test class [com.example.walletapi.WalletServiceTest]: no resource found for suffixes {-context.xml, Context.groovy}.
2022-02-15 09:48:08.251  INFO 18120 --- [main] t.c.s.AnnotationConfigContextLoaderUtils : Could not detect default configuration classes for test class [com.example.walletapi.WalletServiceTest]: WalletServiceTest does not declare any static, non-private, non-final, nested classes annotated with @Configuration.
2022-02-15 09:48:08.251  INFO 18120 --- [main] .b.t.c.SpringBootTestContextBootstrapper : Found @SpringBootConfiguration com.example.walletapi.WalletApiApplication for test class com.example.walletapi.WalletServiceTest
2022-02-15 09:48:08.251  INFO 18120 --- [main] .b.t.c.SpringBootTestContextBootstrapper : Loaded default TestExecutionListener class names from location [META-INF/spring.factories]: [org.springframework.boot.test.mock.mockito.MockitoTestExecutionListener, org.springframework.boot.test.mock.mockito.ResetMocksTestExecutionListener, org.springframework.boot.test.autoconfigure.restdocs.RestDocsTestExecutionListener, org.springframework.boot.test.autoconfigure.web.client.MockRestServiceServerResetTestExecutionListener, org.springframework.boot.test.autoconfigure.web.servlet.MockMvcPrintOnlyOnFailureTestExecutionListener, org.springframework.boot.test.autoconfigure.web.servlet.WebDriverTestExecutionListener, org.springframework.boot.test.autoconfigure.webservices.client.MockWebServiceServerTestExecutionListener, org.springframework.test.context.web.ServletTestExecutionListener, org.springframework.test.context.support.DirtiesContextBeforeModesTestExecutionListener, org.springframework.test.context.event.ApplicationEventsTestExecutionListener, org.springframework.test.context.support.DependencyInjectionTestExecutionListener, org.springframework.test.context.support.DirtiesContextTestExecutionListener, org.springframework.test.context.transaction.TransactionalTestExecutionListener, org.springframework.test.context.jdbc.SqlScriptsTestExecutionListener, org.springframework.test.context.event.EventPublishingTestExecutionListener, org.springframework.security.test.context.support.WithSecurityContextTestExecutionListener, org.springframework.security.test.context.support.ReactorContextTestExecutionListener]
2022-02-15 09:48:08.251  INFO 18120 --- [main] .b.t.c.SpringBootTestContextBootstrapper : Using TestExecutionListeners: [org.springframework.test.context.web.ServletTestExecutionListener@2e36ab40, org.springframework.test.context.support.DirtiesContextBeforeModesTestExecutionListener@57b1fc8f, org.springframework.test.context.event.ApplicationEventsTestExecutionListener@3c4c95c1, org.springframework.boot.test.mock.mockito.MockitoTestExecutionListener@4bb21e26, org.springframework.boot.test.autoconfigure.SpringBootDependencyInjectionTestExecutionListener@50c5d0bb, org.springframework.test.context.support.DirtiesContextTestExecutionListener@8c80ba8, org.springframework.test.context.transaction.TransactionalTestExecutionListener@50f275ed, org.springframework.test.context.jdbc.SqlScriptsTestExecutionListener@b6a02fb, org.springframework.test.context.event.EventPublishingTestExecutionListener@75544b25, org.springframework.security.test.context.support.WithSecurityContextTestExecutionListener@3d899b6c, org.springframework.security.test.context.support.ReactorContextTestExecutionListener@7e97dc2d, org.springframework.boot.test.mock.mockito.ResetMocksTestExecutionListener@25b174de, org.springframework.boot.test.autoconfigure.restdocs.RestDocsTestExecutionListener@726b1e2e, org.springframework.boot.test.autoconfigure.web.client.MockRestServiceServerResetTestExecutionListener@348a9f4, org.springframework.boot.test.autoconfigure.web.servlet.MockMvcPrintOnlyOnFailureTestExecutionListener@43fe7b04, org.springframework.boot.test.autoconfigure.web.servlet.WebDriverTestExecutionListener@6d47e021, org.springframework.boot.test.autoconfigure.webservices.client.MockWebServiceServerTestExecutionListener@477709c9]
2022-02-15 09:48:08.282  INFO 18120 --- [main] com.example.walletapi.WalletServiceTest  : Starting WalletServiceTest using Java 1.8.0_311 on ASUS-ROG with PID 18120 (started by kumar in D:\Java_Learn\WalletApi)
2022-02-15 09:48:08.282 DEBUG 18120 --- [main] com.example.walletapi.WalletServiceTest  : Running with Spring Boot v2.6.2, Spring v5.3.14
2022-02-15 09:48:08.282  INFO 18120 --- [main] com.example.walletapi.WalletServiceTest  : No active profile set, falling back to default profiles: default
2022-02-15 09:48:08.454  INFO 18120 --- [main] .s.d.r.c.RepositoryConfigurationDelegate : Bootstrapping Spring Data JPA repositories in DEFAULT mode.
2022-02-15 09:48:08.454  INFO 18120 --- [main] .s.d.r.c.RepositoryConfigurationDelegate : Finished Spring Data repository scanning in 11 ms. Found 3 JPA repository interfaces.
2022-02-15 09:48:08.610  INFO 18120 --- [main] o.hibernate.jpa.internal.util.LogHelper  : HHH000204: Processing PersistenceUnitInfo [name: default]
2022-02-15 09:48:08.610  INFO 18120 --- [main] com.zaxxer.hikari.HikariDataSource       : HikariPool-3 - Starting...
2022-02-15 09:48:08.626  INFO 18120 --- [main] com.zaxxer.hikari.HikariDataSource       : HikariPool-3 - Start completed.
2022-02-15 09:48:08.626  INFO 18120 --- [main] org.hibernate.dialect.Dialect            : HHH000400: Using dialect: org.hibernate.dialect.MySQL8Dialect
2022-02-15 09:48:08.985  INFO 18120 --- [main] o.h.e.t.j.p.i.JtaPlatformInitiator       : HHH000490: Using JtaPlatform implementation: [org.hibernate.engine.transaction.jta.platform.internal.NoJtaPlatform]
2022-02-15 09:48:08.985  INFO 18120 --- [main] j.LocalContainerEntityManagerFactoryBean : Initialized JPA EntityManagerFactory for persistence unit 'default'
2022-02-15 09:48:09.032  WARN 18120 --- [main] JpaBaseConfiguration$JpaWebConfiguration : spring.jpa.open-in-view is enabled by default. Therefore, database queries may be performed during view rendering. Explicitly configure spring.jpa.open-in-view to disable this warning
2022-02-15 09:48:09.172  INFO 18120 --- [main] o.s.s.web.DefaultSecurityFilterChain     : Will secure any request with [org.springframework.security.web.context.request.async.WebAsyncManagerIntegrationFilter@2368924d, org.springframework.security.web.context.SecurityContextPersistenceFilter@44540404, org.springframework.security.web.header.HeaderWriterFilter@2dc1c7e8, org.springframework.security.web.authentication.logout.LogoutFilter@488ceae9, com.example.walletapi.config.jwtAuthenticationFilter@351104c2, org.springframework.security.web.savedrequest.RequestCacheAwareFilter@76b66ea, org.springframework.security.web.servletapi.SecurityContextHolderAwareRequestFilter@24360f68, org.springframework.security.web.authentication.AnonymousAuthenticationFilter@36f5a641, org.springframework.security.web.session.SessionManagementFilter@10931632, org.springframework.security.web.access.ExceptionTranslationFilter@3bcf1662, org.springframework.security.web.access.intercept.FilterSecurityInterceptor@3a8e9259]
2022-02-15 09:48:09.594  INFO 18120 --- [main] com.example.walletapi.WalletServiceTest  : Started WalletServiceTest in 1.331 seconds (JVM running for 12.62)
2022-02-15 09:48:09.635  INFO 18120 --- [SpringApplicationShutdownHook] j.LocalContainerEntityManagerFactoryBean : Closing JPA EntityManagerFactory for persistence unit 'default'
2022-02-15 09:48:09.638  INFO 18120 --- [SpringApplicationShutdownHook] com.zaxxer.hikari.HikariDataSource       : HikariPool-1 - Shutdown initiated...
2022-02-15 09:48:09.652  INFO 18120 --- [SpringApplicationShutdownHook] com.zaxxer.hikari.HikariDataSource       : HikariPool-1 - Shutdown completed.
2022-02-15 09:48:09.655  INFO 18120 --- [SpringApplicationShutdownHook] j.LocalContainerEntityManagerFactoryBean : Closing JPA EntityManagerFactory for persistence unit 'default'
2022-02-15 09:48:09.662  INFO 18120 --- [SpringApplicationShutdownHook] com.zaxxer.hikari.HikariDataSource       : HikariPool-2 - Shutdown initiated...
2022-02-15 09:48:09.673  INFO 18120 --- [SpringApplicationShutdownHook] com.zaxxer.hikari.HikariDataSource       : HikariPool-2 - Shutdown completed.
2022-02-15 09:48:09.676  INFO 18120 --- [SpringApplicationShutdownHook] j.LocalContainerEntityManagerFactoryBean : Closing JPA EntityManagerFactory for persistence unit 'default'
2022-02-15 09:48:09.676  INFO 18120 --- [SpringApplicationShutdownHook] com.zaxxer.hikari.HikariDataSource       : HikariPool-3 - Shutdown initiated...
2022-02-15 09:48:09.682  INFO 18120 --- [SpringApplicationShutdownHook] com.zaxxer.hikari.HikariDataSource       : HikariPool-3 - Shutdown completed.
2022-02-15 09:50:44.138  INFO 18228 --- [main] com.example.walletapi.UserServiceTest    : Starting UserServiceTest using Java 1.8.0_311 on ASUS-ROG with PID 18228 (started by kumar in D:\Java_Learn\WalletApi)
2022-02-15 09:50:44.138 DEBUG 18228 --- [main] com.example.walletapi.UserServiceTest    : Running with Spring Boot v2.6.2, Spring v5.3.14
2022-02-15 09:50:44.138  INFO 18228 --- [main] com.example.walletapi.UserServiceTest    : No active profile set, falling back to default profiles: default
2022-02-15 09:50:44.857  INFO 18228 --- [main] .s.d.r.c.RepositoryConfigurationDelegate : Bootstrapping Spring Data JPA repositories in DEFAULT mode.
2022-02-15 09:50:44.919  INFO 18228 --- [main] .s.d.r.c.RepositoryConfigurationDelegate : Finished Spring Data repository scanning in 58 ms. Found 3 JPA repository interfaces.
2022-02-15 09:50:46.232  INFO 18228 --- [main] o.hibernate.jpa.internal.util.LogHelper  : HHH000204: Processing PersistenceUnitInfo [name: default]
2022-02-15 09:50:46.310  INFO 18228 --- [main] org.hibernate.Version                    : HHH000412: Hibernate ORM core version 5.6.3.Final
2022-02-15 09:50:46.388  INFO 18228 --- [main] o.hibernate.annotations.common.Version   : HCANN000001: Hibernate Commons Annotations {5.1.2.Final}
2022-02-15 09:50:46.716  INFO 18228 --- [main] com.zaxxer.hikari.HikariDataSource       : HikariPool-1 - Starting...
2022-02-15 09:50:47.341  INFO 18228 --- [main] com.zaxxer.hikari.HikariDataSource       : HikariPool-1 - Start completed.
2022-02-15 09:50:47.372  INFO 18228 --- [main] org.hibernate.dialect.Dialect            : HHH000400: Using dialect: org.hibernate.dialect.MySQL8Dialect
2022-02-15 09:50:48.591  INFO 18228 --- [main] o.h.e.t.j.p.i.JtaPlatformInitiator       : HHH000490: Using JtaPlatform implementation: [org.hibernate.engine.transaction.jta.platform.internal.NoJtaPlatform]
2022-02-15 09:50:48.591  INFO 18228 --- [main] j.LocalContainerEntityManagerFactoryBean : Initialized JPA EntityManagerFactory for persistence unit 'default'
2022-02-15 09:50:48.653  WARN 18228 --- [main] JpaBaseConfiguration$JpaWebConfiguration : spring.jpa.open-in-view is enabled by default. Therefore, database queries may be performed during view rendering. Explicitly configure spring.jpa.open-in-view to disable this warning
2022-02-15 09:50:49.387  INFO 18228 --- [main] o.s.s.web.DefaultSecurityFilterChain     : Will secure any request with [org.springframework.security.web.context.request.async.WebAsyncManagerIntegrationFilter@f885c72, org.springframework.security.web.context.SecurityContextPersistenceFilter@7669c310, org.springframework.security.web.header.HeaderWriterFilter@1d1eaf46, org.springframework.security.web.authentication.logout.LogoutFilter@34e09783, com.example.walletapi.config.jwtAuthenticationFilter@6bd37b1e, org.springframework.security.web.savedrequest.RequestCacheAwareFilter@143cd56e, org.springframework.security.web.servletapi.SecurityContextHolderAwareRequestFilter@3aef58b3, org.springframework.security.web.authentication.AnonymousAuthenticationFilter@1c172a88, org.springframework.security.web.session.SessionManagementFilter@4e3611a7, org.springframework.security.web.access.ExceptionTranslationFilter@525cebd8, org.springframework.security.web.access.intercept.FilterSecurityInterceptor@197bebe]
2022-02-15 09:50:50.309  INFO 18228 --- [main] com.example.walletapi.UserServiceTest    : Started UserServiceTest in 6.502 seconds (JVM running for 8.045)
2022-02-15 09:50:50.699  INFO 18228 --- [main] .b.t.c.SpringBootTestContextBootstrapper : Neither @ContextConfiguration nor @ContextHierarchy found for test class [com.example.walletapi.WalletApiApplicationTests], using SpringBootContextLoader
2022-02-15 09:50:50.699  INFO 18228 --- [main] o.s.t.c.support.AbstractContextLoader    : Could not detect default resource locations for test class [com.example.walletapi.WalletApiApplicationTests]: no resource found for suffixes {-context.xml, Context.groovy}.
2022-02-15 09:50:50.699  INFO 18228 --- [main] t.c.s.AnnotationConfigContextLoaderUtils : Could not detect default configuration classes for test class [com.example.walletapi.WalletApiApplicationTests]: WalletApiApplicationTests does not declare any static, non-private, non-final, nested classes annotated with @Configuration.
2022-02-15 09:50:50.699  INFO 18228 --- [main] .b.t.c.SpringBootTestContextBootstrapper : Found @SpringBootConfiguration com.example.walletapi.WalletApiApplication for test class com.example.walletapi.WalletApiApplicationTests
2022-02-15 09:50:50.715  INFO 18228 --- [main] .b.t.c.SpringBootTestContextBootstrapper : Loaded default TestExecutionListener class names from location [META-INF/spring.factories]: [org.springframework.boot.test.mock.mockito.MockitoTestExecutionListener, org.springframework.boot.test.mock.mockito.ResetMocksTestExecutionListener, org.springframework.boot.test.autoconfigure.restdocs.RestDocsTestExecutionListener, org.springframework.boot.test.autoconfigure.web.client.MockRestServiceServerResetTestExecutionListener, org.springframework.boot.test.autoconfigure.web.servlet.MockMvcPrintOnlyOnFailureTestExecutionListener, org.springframework.boot.test.autoconfigure.web.servlet.WebDriverTestExecutionListener, org.springframework.boot.test.autoconfigure.webservices.client.MockWebServiceServerTestExecutionListener, org.springframework.test.context.web.ServletTestExecutionListener, org.springframework.test.context.support.DirtiesContextBeforeModesTestExecutionListener, org.springframework.test.context.event.ApplicationEventsTestExecutionListener, org.springframework.test.context.support.DependencyInjectionTestExecutionListener, org.springframework.test.context.support.DirtiesContextTestExecutionListener, org.springframework.test.context.transaction.TransactionalTestExecutionListener, org.springframework.test.context.jdbc.SqlScriptsTestExecutionListener, org.springframework.test.context.event.EventPublishingTestExecutionListener, org.springframework.security.test.context.support.WithSecurityContextTestExecutionListener, org.springframework.security.test.context.support.ReactorContextTestExecutionListener]
2022-02-15 09:50:50.715  INFO 18228 --- [main] .b.t.c.SpringBootTestContextBootstrapper : Using TestExecutionListeners: [org.springframework.test.context.web.ServletTestExecutionListener@932d952, org.springframework.test.context.support.DirtiesContextBeforeModesTestExecutionListener@5126936b, org.springframework.test.context.event.ApplicationEventsTestExecutionListener@68d620e3, org.springframework.boot.test.mock.mockito.MockitoTestExecutionListener@1d418e7b, org.springframework.boot.test.autoconfigure.SpringBootDependencyInjectionTestExecutionListener@2263cc8, org.springframework.test.context.support.DirtiesContextTestExecutionListener@677e5a2c, org.springframework.test.context.transaction.TransactionalTestExecutionListener@3e76bf18, org.springframework.test.context.jdbc.SqlScriptsTestExecutionListener@2f55ccfb, org.springframework.test.context.event.EventPublishingTestExecutionListener@1c2665a5, org.springframework.security.test.context.support.WithSecurityContextTestExecutionListener@91cf337, org.springframework.security.test.context.support.ReactorContextTestExecutionListener@2991373, org.springframework.boot.test.mock.mockito.ResetMocksTestExecutionListener@3aa25cf, org.springframework.boot.test.autoconfigure.restdocs.RestDocsTestExecutionListener@2c8e7352, org.springframework.boot.test.autoconfigure.web.client.MockRestServiceServerResetTestExecutionListener@4265a8bf, org.springframework.boot.test.autoconfigure.web.servlet.MockMvcPrintOnlyOnFailureTestExecutionListener@82d390b, org.springframework.boot.test.autoconfigure.web.servlet.WebDriverTestExecutionListener@5a7bf19c, org.springframework.boot.test.autoconfigure.webservices.client.MockWebServiceServerTestExecutionListener@5b00d62]
2022-02-15 09:50:50.746  INFO 18228 --- [main] c.e.walletapi.WalletApiApplicationTests  : Starting WalletApiApplicationTests using Java 1.8.0_311 on ASUS-ROG with PID 18228 (started by kumar in D:\Java_Learn\WalletApi)
2022-02-15 09:50:50.746 DEBUG 18228 --- [main] c.e.walletapi.WalletApiApplicationTests  : Running with Spring Boot v2.6.2, Spring v5.3.14
2022-02-15 09:50:50.746  INFO 18228 --- [main] c.e.walletapi.WalletApiApplicationTests  : No active profile set, falling back to default profiles: default
2022-02-15 09:50:50.949  INFO 18228 --- [main] .s.d.r.c.RepositoryConfigurationDelegate : Bootstrapping Spring Data JPA repositories in DEFAULT mode.
2022-02-15 09:50:50.965  INFO 18228 --- [main] .s.d.r.c.RepositoryConfigurationDelegate : Finished Spring Data repository scanning in 15 ms. Found 3 JPA repository interfaces.
2022-02-15 09:50:51.152  INFO 18228 --- [main] o.hibernate.jpa.internal.util.LogHelper  : HHH000204: Processing PersistenceUnitInfo [name: default]
2022-02-15 09:50:51.152  INFO 18228 --- [main] com.zaxxer.hikari.HikariDataSource       : HikariPool-2 - Starting...
2022-02-15 09:50:51.184  INFO 18228 --- [main] com.zaxxer.hikari.HikariDataSource       : HikariPool-2 - Start completed.
2022-02-15 09:50:51.184  INFO 18228 --- [main] org.hibernate.dialect.Dialect            : HHH000400: Using dialect: org.hibernate.dialect.MySQL8Dialect
2022-02-15 09:50:51.543  INFO 18228 --- [main] o.h.e.t.j.p.i.JtaPlatformInitiator       : HHH000490: Using JtaPlatform implementation: [org.hibernate.engine.transaction.jta.platform.internal.NoJtaPlatform]
2022-02-15 09:50:51.543  INFO 18228 --- [main] j.LocalContainerEntityManagerFactoryBean : Initialized JPA EntityManagerFactory for persistence unit 'default'
2022-02-15 09:50:51.574  WARN 18228 --- [main] JpaBaseConfiguration$JpaWebConfiguration : spring.jpa.open-in-view is enabled by default. Therefore, database queries may be performed during view rendering. Explicitly configure spring.jpa.open-in-view to disable this warning
2022-02-15 09:50:51.902  INFO 18228 --- [main] o.s.s.web.DefaultSecurityFilterChain     : Will secure any request with [org.springframework.security.web.context.request.async.WebAsyncManagerIntegrationFilter@1cec92b8, org.springframework.security.web.context.SecurityContextPersistenceFilter@126e2e29, org.springframework.security.web.header.HeaderWriterFilter@20a38a97, org.springframework.security.web.authentication.logout.LogoutFilter@21e1124d, com.example.walletapi.config.jwtAuthenticationFilter@4d43f90c, org.springframework.security.web.savedrequest.RequestCacheAwareFilter@3090bd6, org.springframework.security.web.servletapi.SecurityContextHolderAwareRequestFilter@3f42ce12, org.springframework.security.web.authentication.AnonymousAuthenticationFilter@487319d1, org.springframework.security.web.session.SessionManagementFilter@45a700a3, org.springframework.security.web.access.ExceptionTranslationFilter@7b3d5973, org.springframework.security.web.access.intercept.FilterSecurityInterceptor@31731168]
2022-02-15 09:50:52.277  INFO 18228 --- [main] o.s.b.t.m.w.SpringBootMockServletContext : Initializing Spring TestDispatcherServlet ''
2022-02-15 09:50:52.277  INFO 18228 --- [main] o.s.t.web.servlet.TestDispatcherServlet  : Initializing Servlet ''
2022-02-15 09:50:52.277  INFO 18228 --- [main] o.s.t.web.servlet.TestDispatcherServlet  : Completed initialization in 0 ms
2022-02-15 09:50:52.293  INFO 18228 --- [main] c.e.walletapi.WalletApiApplicationTests  : Started WalletApiApplicationTests in 1.573 seconds (JVM running for 10.023)
2022-02-15 09:50:52.371  INFO 18228 --- [main] c.e.walletapi.WalletApiApplication       : User Creation initiated.
2022-02-15 09:50:52.371 DEBUG 18228 --- [main] c.e.walletapi.WalletApiApplication       : User phoneNumber: 0123456789
2022-02-15 09:50:52.371 DEBUG 18228 --- [main] c.e.walletapi.WalletApiApplication       : Checking validations on user
2022-02-15 09:50:52.730 DEBUG 18228 --- [main] c.e.walletapi.WalletApiApplication       : com.example.walletapi.dto.ResponseObject@2dbe000
2022-02-15 09:50:52.793  INFO 18228 --- [main] c.e.walletapi.WalletApiApplication       : User Creation initiated.
2022-02-15 09:50:52.793 DEBUG 18228 --- [main] c.e.walletapi.WalletApiApplication       : User phoneNumber: 0123456789
2022-02-15 09:50:52.793 DEBUG 18228 --- [main] c.e.walletapi.WalletApiApplication       : Checking validations on user
2022-02-15 09:50:52.808 DEBUG 18228 --- [main] c.e.walletapi.WalletApiApplication       : Exception occurred [UserController.createUser:47]: User already exist
2022-02-15 09:50:52.824  INFO 18228 --- [main] c.e.walletapi.WalletApiApplication       : User Creation initiated.
2022-02-15 09:50:52.824 DEBUG 18228 --- [main] c.e.walletapi.WalletApiApplication       : User phoneNumber: 1234567890
2022-02-15 09:50:52.824 DEBUG 18228 --- [main] c.e.walletapi.WalletApiApplication       : Checking validations on user
2022-02-15 09:50:52.824 DEBUG 18228 --- [main] c.e.walletapi.WalletApiApplication       : Exception occurred [UserController.createUser:47]: Invalid Email Address!!
2022-02-15 09:50:53.136  INFO 18228 --- [main] c.e.walletapi.WalletApiApplication       : Wallet Creation initiated.
2022-02-15 09:50:53.136 DEBUG 18228 --- [main] c.e.walletapi.WalletApiApplication       : User phoneNumber: 0123456789
2022-02-15 09:50:53.136 DEBUG 18228 --- [main] c.e.walletapi.WalletApiApplication       : Creating Wallet
2022-02-15 09:50:53.168 DEBUG 18228 --- [main] c.e.walletapi.WalletApiApplication       : Wallet Created
2022-02-15 09:50:53.277  INFO 18228 --- [main] c.e.walletapi.WalletApiApplication       : Adding money to wallet
2022-02-15 09:50:53.277 DEBUG 18228 --- [main] c.e.walletapi.WalletApiApplication       : User phoneNumber: 0123456789
2022-02-15 09:50:53.277 DEBUG 18228 --- [main] c.e.walletapi.WalletApiApplication       : Adding money
2022-02-15 09:50:53.293 DEBUG 18228 --- [main] c.e.walletapi.WalletApiApplication       : Money successfully added
2022-02-15 09:50:53.386  INFO 18228 --- [main] c.e.walletapi.WalletApiApplication       : Transfer Money From one wallet to another
2022-02-15 09:50:53.386 DEBUG 18228 --- [main] c.e.walletapi.WalletApiApplication       : Exception occured [WalletController.transferMoney:93]: User does not exist
2022-02-15 09:50:53.402  INFO 18228 --- [main] .b.t.c.SpringBootTestContextBootstrapper : Neither @ContextConfiguration nor @ContextHierarchy found for test class [com.example.walletapi.WalletServiceTest], using SpringBootContextLoader
2022-02-15 09:50:53.402  INFO 18228 --- [main] o.s.t.c.support.AbstractContextLoader    : Could not detect default resource locations for test class [com.example.walletapi.WalletServiceTest]: no resource found for suffixes {-context.xml, Context.groovy}.
2022-02-15 09:50:53.402  INFO 18228 --- [main] t.c.s.AnnotationConfigContextLoaderUtils : Could not detect default configuration classes for test class [com.example.walletapi.WalletServiceTest]: WalletServiceTest does not declare any static, non-private, non-final, nested classes annotated with @Configuration.
2022-02-15 09:50:53.402  INFO 18228 --- [main] .b.t.c.SpringBootTestContextBootstrapper : Found @SpringBootConfiguration com.example.walletapi.WalletApiApplication for test class com.example.walletapi.WalletServiceTest
2022-02-15 09:50:53.402  INFO 18228 --- [main] .b.t.c.SpringBootTestContextBootstrapper : Loaded default TestExecutionListener class names from location [META-INF/spring.factories]: [org.springframework.boot.test.mock.mockito.MockitoTestExecutionListener, org.springframework.boot.test.mock.mockito.ResetMocksTestExecutionListener, org.springframework.boot.test.autoconfigure.restdocs.RestDocsTestExecutionListener, org.springframework.boot.test.autoconfigure.web.client.MockRestServiceServerResetTestExecutionListener, org.springframework.boot.test.autoconfigure.web.servlet.MockMvcPrintOnlyOnFailureTestExecutionListener, org.springframework.boot.test.autoconfigure.web.servlet.WebDriverTestExecutionListener, org.springframework.boot.test.autoconfigure.webservices.client.MockWebServiceServerTestExecutionListener, org.springframework.test.context.web.ServletTestExecutionListener, org.springframework.test.context.support.DirtiesContextBeforeModesTestExecutionListener, org.springframework.test.context.event.ApplicationEventsTestExecutionListener, org.springframework.test.context.support.DependencyInjectionTestExecutionListener, org.springframework.test.context.support.DirtiesContextTestExecutionListener, org.springframework.test.context.transaction.TransactionalTestExecutionListener, org.springframework.test.context.jdbc.SqlScriptsTestExecutionListener, org.springframework.test.context.event.EventPublishingTestExecutionListener, org.springframework.security.test.context.support.WithSecurityContextTestExecutionListener, org.springframework.security.test.context.support.ReactorContextTestExecutionListener]
2022-02-15 09:50:53.402  INFO 18228 --- [main] .b.t.c.SpringBootTestContextBootstrapper : Using TestExecutionListeners: [org.springframework.test.context.web.ServletTestExecutionListener@348a9f4, org.springframework.test.context.support.DirtiesContextBeforeModesTestExecutionListener@43fe7b04, org.springframework.test.context.event.ApplicationEventsTestExecutionListener@6d47e021, org.springframework.boot.test.mock.mockito.MockitoTestExecutionListener@477709c9, org.springframework.boot.test.autoconfigure.SpringBootDependencyInjectionTestExecutionListener@1b60fda, org.springframework.test.context.support.DirtiesContextTestExecutionListener@312062b3, org.springframework.test.context.transaction.TransactionalTestExecutionListener@63b4ca5e, org.springframework.test.context.jdbc.SqlScriptsTestExecutionListener@1c72aea0, org.springframework.test.context.event.EventPublishingTestExecutionListener@2d8bba2b, org.springframework.security.test.context.support.WithSecurityContextTestExecutionListener@1f8c70d3, org.springframework.security.test.context.support.ReactorContextTestExecutionListener@5a2faf46, org.springframework.boot.test.mock.mockito.ResetMocksTestExecutionListener@53a10d0d, org.springframework.boot.test.autoconfigure.restdocs.RestDocsTestExecutionListener@238bafb0, org.springframework.boot.test.autoconfigure.web.client.MockRestServiceServerResetTestExecutionListener@5ffd59fa, org.springframework.boot.test.autoconfigure.web.servlet.MockMvcPrintOnlyOnFailureTestExecutionListener@788f88dc, org.springframework.boot.test.autoconfigure.web.servlet.WebDriverTestExecutionListener@239d3ba5, org.springframework.boot.test.autoconfigure.webservices.client.MockWebServiceServerTestExecutionListener@5d95e649]
2022-02-15 09:50:53.417  INFO 18228 --- [main] com.example.walletapi.WalletServiceTest  : Starting WalletServiceTest using Java 1.8.0_311 on ASUS-ROG with PID 18228 (started by kumar in D:\Java_Learn\WalletApi)
2022-02-15 09:50:53.417 DEBUG 18228 --- [main] com.example.walletapi.WalletServiceTest  : Running with Spring Boot v2.6.2, Spring v5.3.14
2022-02-15 09:50:53.417  INFO 18228 --- [main] com.example.walletapi.WalletServiceTest  : No active profile set, falling back to default profiles: default
2022-02-15 09:50:53.558  INFO 18228 --- [main] .s.d.r.c.RepositoryConfigurationDelegate : Bootstrapping Spring Data JPA repositories in DEFAULT mode.
2022-02-15 09:50:53.574  INFO 18228 --- [main] .s.d.r.c.RepositoryConfigurationDelegate : Finished Spring Data repository scanning in 11 ms. Found 3 JPA repository interfaces.
2022-02-15 09:50:53.714  INFO 18228 --- [main] o.hibernate.jpa.internal.util.LogHelper  : HHH000204: Processing PersistenceUnitInfo [name: default]
2022-02-15 09:50:53.714  INFO 18228 --- [main] com.zaxxer.hikari.HikariDataSource       : HikariPool-3 - Starting...
2022-02-15 09:50:53.746  INFO 18228 --- [main] com.zaxxer.hikari.HikariDataSource       : HikariPool-3 - Start completed.
2022-02-15 09:50:53.746  INFO 18228 --- [main] org.hibernate.dialect.Dialect            : HHH000400: Using dialect: org.hibernate.dialect.MySQL8Dialect
2022-02-15 09:50:54.089  INFO 18228 --- [main] o.h.e.t.j.p.i.JtaPlatformInitiator       : HHH000490: Using JtaPlatform implementation: [org.hibernate.engine.transaction.jta.platform.internal.NoJtaPlatform]
2022-02-15 09:50:54.089  INFO 18228 --- [main] j.LocalContainerEntityManagerFactoryBean : Initialized JPA EntityManagerFactory for persistence unit 'default'
2022-02-15 09:50:54.120  WARN 18228 --- [main] JpaBaseConfiguration$JpaWebConfiguration : spring.jpa.open-in-view is enabled by default. Therefore, database queries may be performed during view rendering. Explicitly configure spring.jpa.open-in-view to disable this warning
2022-02-15 09:50:54.245  INFO 18228 --- [main] o.s.s.web.DefaultSecurityFilterChain     : Will secure any request with [org.springframework.security.web.context.request.async.WebAsyncManagerIntegrationFilter@47da03a7, org.springframework.security.web.context.SecurityContextPersistenceFilter@78843732, org.springframework.security.web.header.HeaderWriterFilter@2368924d, org.springframework.security.web.authentication.logout.LogoutFilter@13f3985d, com.example.walletapi.config.jwtAuthenticationFilter@2f52b57e, org.springframework.security.web.savedrequest.RequestCacheAwareFilter@36d66e21, org.springframework.security.web.servletapi.SecurityContextHolderAwareRequestFilter@514b784c, org.springframework.security.web.authentication.AnonymousAuthenticationFilter@a78fb02, org.springframework.security.web.session.SessionManagementFilter@36f5a641, org.springframework.security.web.access.ExceptionTranslationFilter@3a8e9259, org.springframework.security.web.access.intercept.FilterSecurityInterceptor@775ce83e]
2022-02-15 09:50:54.542  INFO 18228 --- [main] com.example.walletapi.WalletServiceTest  : Started WalletServiceTest in 1.147 seconds (JVM running for 12.286)
2022-02-15 09:50:54.573  INFO 18228 --- [SpringApplicationShutdownHook] j.LocalContainerEntityManagerFactoryBean : Closing JPA EntityManagerFactory for persistence unit 'default'
2022-02-15 09:50:54.589  INFO 18228 --- [SpringApplicationShutdownHook] com.zaxxer.hikari.HikariDataSource       : HikariPool-1 - Shutdown initiated...
2022-02-15 09:50:54.589  INFO 18228 --- [SpringApplicationShutdownHook] com.zaxxer.hikari.HikariDataSource       : HikariPool-1 - Shutdown completed.
2022-02-15 09:50:54.605  INFO 18228 --- [SpringApplicationShutdownHook] j.LocalContainerEntityManagerFactoryBean : Closing JPA EntityManagerFactory for persistence unit 'default'
2022-02-15 09:50:54.605  INFO 18228 --- [SpringApplicationShutdownHook] com.zaxxer.hikari.HikariDataSource       : HikariPool-2 - Shutdown initiated...
2022-02-15 09:50:54.605  INFO 18228 --- [SpringApplicationShutdownHook] com.zaxxer.hikari.HikariDataSource       : HikariPool-2 - Shutdown completed.
2022-02-15 09:50:54.605  INFO 18228 --- [SpringApplicationShutdownHook] j.LocalContainerEntityManagerFactoryBean : Closing JPA EntityManagerFactory for persistence unit 'default'
2022-02-15 09:50:54.605  INFO 18228 --- [SpringApplicationShutdownHook] com.zaxxer.hikari.HikariDataSource       : HikariPool-3 - Shutdown initiated...
2022-02-15 09:50:54.620  INFO 18228 --- [SpringApplicationShutdownHook] com.zaxxer.hikari.HikariDataSource       : HikariPool-3 - Shutdown completed.
